{"level":"info","message":"🚀 Server running on http://localhost:5000","service":"erp-backend","timestamp":"2025-04-12 20:28:58"}
{"level":"info","message":"✅ MongoDB Connected","service":"erp-backend","timestamp":"2025-04-12 20:29:01"}
{"ip":"::1","level":"info","message":"GET /inventory","params":{},"query":{},"service":"erp-backend","timestamp":"2025-04-12 20:30:19"}
{"ip":"::1","level":"info","message":"GET /expenses","params":{},"query":{},"service":"erp-backend","timestamp":"2025-04-12 20:30:19"}
{"ip":"::1","level":"info","message":"GET /sales","params":{},"query":{},"service":"erp-backend","timestamp":"2025-04-12 20:30:19"}
{"ip":"::1","level":"info","message":"GET /inventory","params":{},"query":{},"service":"erp-backend","timestamp":"2025-04-12 20:30:20"}
{"ip":"::1","level":"info","message":"GET /expenses","params":{},"query":{},"service":"erp-backend","timestamp":"2025-04-12 20:30:20"}
{"ip":"::1","level":"info","message":"GET /inventory","params":{},"query":{},"service":"erp-backend","timestamp":"2025-04-12 20:30:20"}
{"ip":"::1","level":"info","message":"GET /inventory","params":{},"query":{},"service":"erp-backend","timestamp":"2025-04-12 20:30:31"}
{"ip":"::1","level":"info","message":"GET /expenses","params":{},"query":{},"service":"erp-backend","timestamp":"2025-04-12 20:30:31"}
{"ip":"::1","level":"info","message":"GET /sales","params":{},"query":{},"service":"erp-backend","timestamp":"2025-04-12 20:30:32"}
{"ip":"::1","level":"info","message":"GET /inventory","params":{},"query":{},"service":"erp-backend","timestamp":"2025-04-12 20:30:32"}
{"ip":"::1","level":"info","message":"GET /expenses","params":{},"query":{},"service":"erp-backend","timestamp":"2025-04-12 20:30:32"}
{"ip":"::1","level":"info","message":"GET /inventory","params":{},"query":{},"service":"erp-backend","timestamp":"2025-04-12 20:30:32"}
{"ip":"::1","level":"info","message":"GET /inventory","params":{},"query":{},"service":"erp-backend","timestamp":"2025-04-12 20:30:35"}
{"ip":"::1","level":"info","message":"GET /expenses","params":{},"query":{},"service":"erp-backend","timestamp":"2025-04-12 20:30:35"}
{"ip":"::1","level":"info","message":"GET /sales","params":{},"query":{},"service":"erp-backend","timestamp":"2025-04-12 20:30:35"}
{"ip":"::1","level":"info","message":"GET /inventory","params":{},"query":{},"service":"erp-backend","timestamp":"2025-04-12 20:30:35"}
{"ip":"::1","level":"info","message":"GET /expenses","params":{},"query":{},"service":"erp-backend","timestamp":"2025-04-12 20:30:35"}
{"ip":"::1","level":"info","message":"GET /inventory","params":{},"query":{},"service":"erp-backend","timestamp":"2025-04-12 20:30:35"}
{"ip":"::1","level":"info","message":"GET /inventory","params":{},"query":{},"service":"erp-backend","timestamp":"2025-04-12 20:31:15"}
{"ip":"::1","level":"info","message":"GET /expenses","params":{},"query":{},"service":"erp-backend","timestamp":"2025-04-12 20:31:15"}
{"ip":"::1","level":"info","message":"GET /sales","params":{},"query":{},"service":"erp-backend","timestamp":"2025-04-12 20:31:15"}
{"ip":"::1","level":"info","message":"GET /inventory","params":{},"query":{},"service":"erp-backend","timestamp":"2025-04-12 20:31:15"}
{"ip":"::1","level":"info","message":"GET /expenses","params":{},"query":{},"service":"erp-backend","timestamp":"2025-04-12 20:31:15"}
{"ip":"::1","level":"info","message":"GET /inventory","params":{},"query":{},"service":"erp-backend","timestamp":"2025-04-12 20:31:15"}
{"ip":"::1","level":"info","message":"GET /inventory","params":{},"query":{},"service":"erp-backend","timestamp":"2025-04-12 20:31:16"}
{"ip":"::1","level":"info","message":"GET /expenses","params":{},"query":{},"service":"erp-backend","timestamp":"2025-04-12 20:31:16"}
{"ip":"::1","level":"info","message":"GET /sales","params":{},"query":{},"service":"erp-backend","timestamp":"2025-04-12 20:31:16"}
{"ip":"::1","level":"info","message":"GET /expenses","params":{},"query":{},"service":"erp-backend","timestamp":"2025-04-12 20:31:16"}
{"ip":"::1","level":"info","message":"GET /inventory","params":{},"query":{},"service":"erp-backend","timestamp":"2025-04-12 20:31:16"}
{"ip":"::1","level":"info","message":"GET /inventory","params":{},"query":{},"service":"erp-backend","timestamp":"2025-04-12 20:31:16"}
{"ip":"::1","level":"info","message":"GET /inventory","params":{},"query":{},"service":"erp-backend","timestamp":"2025-04-12 20:31:17"}
{"ip":"::1","level":"info","message":"GET /sales","params":{},"query":{},"service":"erp-backend","timestamp":"2025-04-12 20:31:17"}
{"ip":"::1","level":"info","message":"GET /expenses","params":{},"query":{},"service":"erp-backend","timestamp":"2025-04-12 20:31:17"}
{"ip":"::1","level":"info","message":"GET /inventory","params":{},"query":{},"service":"erp-backend","timestamp":"2025-04-12 20:31:18"}
{"ip":"::1","level":"info","message":"GET /expenses","params":{},"query":{},"service":"erp-backend","timestamp":"2025-04-12 20:31:18"}
{"ip":"::1","level":"info","message":"GET /inventory","params":{},"query":{},"service":"erp-backend","timestamp":"2025-04-12 20:31:18"}
{"ip":"::1","level":"info","message":"GET /inventory","params":{},"query":{},"service":"erp-backend","timestamp":"2025-04-12 20:31:23"}
{"ip":"::1","level":"info","message":"GET /expenses","params":{},"query":{},"service":"erp-backend","timestamp":"2025-04-12 20:31:23"}
{"ip":"::1","level":"info","message":"GET /sales","params":{},"query":{},"service":"erp-backend","timestamp":"2025-04-12 20:31:23"}
{"ip":"::1","level":"info","message":"GET /inventory","params":{},"query":{},"service":"erp-backend","timestamp":"2025-04-12 20:31:24"}
{"ip":"::1","level":"info","message":"GET /expenses","params":{},"query":{},"service":"erp-backend","timestamp":"2025-04-12 20:31:24"}
{"ip":"::1","level":"info","message":"GET /inventory","params":{},"query":{},"service":"erp-backend","timestamp":"2025-04-12 20:31:24"}
{"ip":"::1","level":"info","message":"GET /inventory","params":{},"query":{},"service":"erp-backend","timestamp":"2025-04-12 20:32:59"}
{"ip":"::1","level":"info","message":"GET /customers/all","params":{},"query":{},"service":"erp-backend","timestamp":"2025-04-12 20:33:19"}
{"ip":"::1","level":"info","message":"GET /sales","params":{},"query":{},"service":"erp-backend","timestamp":"2025-04-12 20:33:27"}
{"level":"info","message":"🚀 Server running on http://localhost:5000","service":"erp-backend","timestamp":"2025-04-12 20:39:58"}
{"level":"info","message":"✅ MongoDB Connected","service":"erp-backend","timestamp":"2025-04-12 20:40:01"}
{"ip":"::1","level":"info","message":"GET /inventory","params":{},"query":{},"service":"erp-backend","timestamp":"2025-04-12 20:40:32"}
{"ip":"::1","level":"info","message":"GET /expenses","params":{},"query":{},"service":"erp-backend","timestamp":"2025-04-12 20:40:32"}
{"ip":"::1","level":"info","message":"GET /sales","params":{},"query":{},"service":"erp-backend","timestamp":"2025-04-12 20:40:32"}
{"ip":"::1","level":"info","message":"GET /expenses","params":{},"query":{},"service":"erp-backend","timestamp":"2025-04-12 20:40:33"}
{"ip":"::1","level":"info","message":"GET /inventory","params":{},"query":{},"service":"erp-backend","timestamp":"2025-04-12 20:40:33"}
{"ip":"::1","level":"info","message":"GET /inventory","params":{},"query":{},"service":"erp-backend","timestamp":"2025-04-12 20:40:33"}
{"ip":"::1","level":"info","message":"GET /inventory","params":{},"query":{},"service":"erp-backend","timestamp":"2025-04-12 20:40:39"}
{"ip":"::1","level":"info","message":"GET /expenses","params":{},"query":{},"service":"erp-backend","timestamp":"2025-04-12 20:40:39"}
{"ip":"::1","level":"info","message":"GET /sales","params":{},"query":{},"service":"erp-backend","timestamp":"2025-04-12 20:40:39"}
{"ip":"::1","level":"info","message":"GET /inventory","params":{},"query":{},"service":"erp-backend","timestamp":"2025-04-12 20:40:40"}
{"ip":"::1","level":"info","message":"GET /expenses","params":{},"query":{},"service":"erp-backend","timestamp":"2025-04-12 20:40:40"}
{"ip":"::1","level":"info","message":"GET /inventory","params":{},"query":{},"service":"erp-backend","timestamp":"2025-04-12 20:40:40"}
{"ip":"::1","level":"info","message":"GET /inventory","params":{},"query":{},"service":"erp-backend","timestamp":"2025-04-12 20:44:28"}
{"ip":"::1","level":"info","message":"GET /expenses","params":{},"query":{},"service":"erp-backend","timestamp":"2025-04-12 20:44:28"}
{"ip":"::1","level":"info","message":"GET /sales","params":{},"query":{},"service":"erp-backend","timestamp":"2025-04-12 20:44:28"}
{"ip":"::1","level":"info","message":"GET /inventory","params":{},"query":{},"service":"erp-backend","timestamp":"2025-04-12 20:44:28"}
{"ip":"::1","level":"info","message":"GET /expenses","params":{},"query":{},"service":"erp-backend","timestamp":"2025-04-12 20:44:28"}
{"ip":"::1","level":"info","message":"GET /inventory","params":{},"query":{},"service":"erp-backend","timestamp":"2025-04-12 20:44:29"}
{"ip":"::1","level":"info","message":"GET /inventory","params":{},"query":{},"service":"erp-backend","timestamp":"2025-04-12 20:44:29"}
{"ip":"::1","level":"info","message":"GET /expenses","params":{},"query":{},"service":"erp-backend","timestamp":"2025-04-12 20:44:29"}
{"ip":"::1","level":"info","message":"GET /sales","params":{},"query":{},"service":"erp-backend","timestamp":"2025-04-12 20:44:29"}
{"ip":"::1","level":"info","message":"GET /inventory","params":{},"query":{},"service":"erp-backend","timestamp":"2025-04-12 20:44:29"}
{"ip":"::1","level":"info","message":"GET /expenses","params":{},"query":{},"service":"erp-backend","timestamp":"2025-04-12 20:44:29"}
{"ip":"::1","level":"info","message":"GET /inventory","params":{},"query":{},"service":"erp-backend","timestamp":"2025-04-12 20:44:29"}
{"ip":"::1","level":"info","message":"GET /inventory","params":{},"query":{},"service":"erp-backend","timestamp":"2025-04-12 20:44:30"}
{"ip":"::1","level":"info","message":"GET /expenses","params":{},"query":{},"service":"erp-backend","timestamp":"2025-04-12 20:44:30"}
{"ip":"::1","level":"info","message":"GET /sales","params":{},"query":{},"service":"erp-backend","timestamp":"2025-04-12 20:44:30"}
{"ip":"::1","level":"info","message":"GET /inventory","params":{},"query":{},"service":"erp-backend","timestamp":"2025-04-12 20:44:30"}
{"ip":"::1","level":"info","message":"GET /expenses","params":{},"query":{},"service":"erp-backend","timestamp":"2025-04-12 20:44:30"}
{"ip":"::1","level":"info","message":"GET /inventory","params":{},"query":{},"service":"erp-backend","timestamp":"2025-04-12 20:44:31"}
{"level":"info","message":"🚀 Server running on http://localhost:5000","service":"erp-backend","timestamp":"2025-04-12 20:50:11"}
{"level":"info","message":"✅ MongoDB Connected","service":"erp-backend","timestamp":"2025-04-12 20:50:14"}
{"ip":"::1","level":"info","message":"GET /","params":{},"query":{},"service":"erp-backend","timestamp":"2025-04-12 20:50:26"}
{"ip":"::1","level":"info","message":"GET /","params":{},"query":{},"service":"erp-backend","timestamp":"2025-04-12 20:50:28"}
{"ip":"::1","level":"info","message":"GET /inventory","params":{},"query":{},"service":"erp-backend","timestamp":"2025-04-12 20:50:33"}
{"ip":"::1","level":"info","message":"GET /expenses","params":{},"query":{},"service":"erp-backend","timestamp":"2025-04-12 20:50:33"}
{"ip":"::1","level":"info","message":"GET /sales","params":{},"query":{},"service":"erp-backend","timestamp":"2025-04-12 20:50:33"}
{"ip":"::1","level":"info","message":"GET /inventory","params":{},"query":{},"service":"erp-backend","timestamp":"2025-04-12 20:50:33"}
{"ip":"::1","level":"info","message":"GET /expenses","params":{},"query":{},"service":"erp-backend","timestamp":"2025-04-12 20:50:33"}
{"ip":"::1","level":"info","message":"GET /inventory","params":{},"query":{},"service":"erp-backend","timestamp":"2025-04-12 20:50:33"}
{"ip":"::1","level":"info","message":"GET /inventory","params":{},"query":{},"service":"erp-backend","timestamp":"2025-04-12 20:50:43"}
{"ip":"::1","level":"info","message":"GET /expenses","params":{},"query":{},"service":"erp-backend","timestamp":"2025-04-12 20:50:43"}
{"ip":"::1","level":"info","message":"GET /sales","params":{},"query":{},"service":"erp-backend","timestamp":"2025-04-12 20:50:43"}
{"ip":"::1","level":"info","message":"GET /expenses","params":{},"query":{},"service":"erp-backend","timestamp":"2025-04-12 20:50:43"}
{"ip":"::1","level":"info","message":"GET /inventory","params":{},"query":{},"service":"erp-backend","timestamp":"2025-04-12 20:50:43"}
{"ip":"::1","level":"info","message":"GET /inventory","params":{},"query":{},"service":"erp-backend","timestamp":"2025-04-12 20:50:43"}
{"ip":"::1","level":"info","message":"GET /inventory","params":{},"query":{},"service":"erp-backend","timestamp":"2025-04-12 20:50:45"}
{"ip":"::1","level":"info","message":"GET /expenses","params":{},"query":{},"service":"erp-backend","timestamp":"2025-04-12 20:50:45"}
{"ip":"::1","level":"info","message":"GET /sales","params":{},"query":{},"service":"erp-backend","timestamp":"2025-04-12 20:50:45"}
{"ip":"::1","level":"info","message":"GET /inventory","params":{},"query":{},"service":"erp-backend","timestamp":"2025-04-12 20:50:45"}
{"ip":"::1","level":"info","message":"GET /expenses","params":{},"query":{},"service":"erp-backend","timestamp":"2025-04-12 20:50:45"}
{"ip":"::1","level":"info","message":"GET /inventory","params":{},"query":{},"service":"erp-backend","timestamp":"2025-04-12 20:50:45"}
{"ip":"::1","level":"info","message":"GET /expenses","params":{},"query":{},"service":"erp-backend","timestamp":"2025-04-12 20:50:45"}
{"ip":"::1","level":"info","message":"GET /sales","params":{},"query":{},"service":"erp-backend","timestamp":"2025-04-12 20:50:45"}
{"ip":"::1","level":"info","message":"GET /inventory","params":{},"query":{},"service":"erp-backend","timestamp":"2025-04-12 20:50:46"}
{"ip":"::1","level":"info","message":"GET /expenses","params":{},"query":{},"service":"erp-backend","timestamp":"2025-04-12 20:50:46"}
{"ip":"::1","level":"info","message":"GET /sales","params":{},"query":{},"service":"erp-backend","timestamp":"2025-04-12 20:50:46"}
{"ip":"::1","level":"info","message":"GET /expenses","params":{},"query":{},"service":"erp-backend","timestamp":"2025-04-12 20:50:46"}
{"ip":"::1","level":"info","message":"GET /inventory","params":{},"query":{},"service":"erp-backend","timestamp":"2025-04-12 20:50:46"}
{"ip":"::1","level":"info","message":"GET /inventory","params":{},"query":{},"service":"erp-backend","timestamp":"2025-04-12 20:50:46"}
{"ip":"::1","level":"info","message":"GET /inventory","params":{},"query":{},"service":"erp-backend","timestamp":"2025-04-12 20:50:46"}
{"ip":"::1","level":"info","message":"GET /expenses","params":{},"query":{},"service":"erp-backend","timestamp":"2025-04-12 20:50:46"}
{"ip":"::1","level":"info","message":"GET /sales","params":{},"query":{},"service":"erp-backend","timestamp":"2025-04-12 20:50:46"}
{"ip":"::1","level":"info","message":"GET /inventory","params":{},"query":{},"service":"erp-backend","timestamp":"2025-04-12 20:50:47"}
{"ip":"::1","level":"info","message":"GET /expenses","params":{},"query":{},"service":"erp-backend","timestamp":"2025-04-12 20:50:47"}
{"ip":"::1","level":"info","message":"GET /inventory","params":{},"query":{},"service":"erp-backend","timestamp":"2025-04-12 20:50:47"}
{"ip":"::1","level":"info","message":"GET /inventory","params":{},"query":{},"service":"erp-backend","timestamp":"2025-04-12 20:50:48"}
{"ip":"::1","level":"info","message":"GET /expenses","params":{},"query":{},"service":"erp-backend","timestamp":"2025-04-12 20:50:48"}
{"ip":"::1","level":"info","message":"GET /sales","params":{},"query":{},"service":"erp-backend","timestamp":"2025-04-12 20:50:48"}
{"ip":"::1","level":"info","message":"GET /inventory","params":{},"query":{},"service":"erp-backend","timestamp":"2025-04-12 20:50:48"}
{"ip":"::1","level":"info","message":"GET /expenses","params":{},"query":{},"service":"erp-backend","timestamp":"2025-04-12 20:50:48"}
{"ip":"::1","level":"info","message":"GET /inventory","params":{},"query":{},"service":"erp-backend","timestamp":"2025-04-12 20:50:48"}
{"level":"info","message":"🚀 Server running on http://localhost:5000","service":"erp-backend","timestamp":"2025-04-12 20:53:35"}
{"level":"info","message":"✅ MongoDB Connected","service":"erp-backend","timestamp":"2025-04-12 20:53:38"}
{"ip":"::1","level":"info","message":"GET /inventory","params":{},"query":{},"service":"erp-backend","timestamp":"2025-04-12 20:53:44"}
{"ip":"::1","level":"info","message":"GET /expenses","params":{},"query":{},"service":"erp-backend","timestamp":"2025-04-12 20:53:44"}
{"ip":"::1","level":"info","message":"GET /sales","params":{},"query":{},"service":"erp-backend","timestamp":"2025-04-12 20:53:44"}
{"ip":"::1","level":"info","message":"GET /expenses","params":{},"query":{},"service":"erp-backend","timestamp":"2025-04-12 20:53:45"}
{"ip":"::1","level":"info","message":"GET /inventory","params":{},"query":{},"service":"erp-backend","timestamp":"2025-04-12 20:53:45"}
{"ip":"::1","level":"info","message":"GET /inventory","params":{},"query":{},"service":"erp-backend","timestamp":"2025-04-12 20:53:45"}
{"ip":"::1","level":"info","message":"GET /inventory","params":{},"query":{},"service":"erp-backend","timestamp":"2025-04-12 20:53:46"}
{"ip":"::1","level":"info","message":"GET /expenses","params":{},"query":{},"service":"erp-backend","timestamp":"2025-04-12 20:53:46"}
{"ip":"::1","level":"info","message":"GET /sales","params":{},"query":{},"service":"erp-backend","timestamp":"2025-04-12 20:53:46"}
{"ip":"::1","level":"info","message":"GET /inventory","params":{},"query":{},"service":"erp-backend","timestamp":"2025-04-12 20:53:46"}
{"ip":"::1","level":"info","message":"GET /expenses","params":{},"query":{},"service":"erp-backend","timestamp":"2025-04-12 20:53:47"}
{"ip":"::1","level":"info","message":"GET /inventory","params":{},"query":{},"service":"erp-backend","timestamp":"2025-04-12 20:53:47"}
{"ip":"::1","level":"info","message":"GET /inventory","params":{},"query":{},"service":"erp-backend","timestamp":"2025-04-12 20:53:47"}
{"ip":"::1","level":"info","message":"GET /expenses","params":{},"query":{},"service":"erp-backend","timestamp":"2025-04-12 20:53:47"}
{"ip":"::1","level":"info","message":"GET /sales","params":{},"query":{},"service":"erp-backend","timestamp":"2025-04-12 20:53:47"}
{"ip":"::1","level":"info","message":"GET /inventory","params":{},"query":{},"service":"erp-backend","timestamp":"2025-04-12 20:53:48"}
{"ip":"::1","level":"info","message":"GET /expenses","params":{},"query":{},"service":"erp-backend","timestamp":"2025-04-12 20:53:48"}
{"ip":"::1","level":"info","message":"GET /inventory","params":{},"query":{},"service":"erp-backend","timestamp":"2025-04-12 20:53:48"}
{"ip":"::1","level":"info","message":"GET /expenses","params":{},"query":{},"service":"erp-backend","timestamp":"2025-04-12 20:53:48"}
{"ip":"::1","level":"info","message":"GET /sales","params":{},"query":{},"service":"erp-backend","timestamp":"2025-04-12 20:53:48"}
{"ip":"::1","level":"info","message":"GET /inventory","params":{},"query":{},"service":"erp-backend","timestamp":"2025-04-12 20:53:48"}
{"ip":"::1","level":"info","message":"GET /expenses","params":{},"query":{},"service":"erp-backend","timestamp":"2025-04-12 20:53:48"}
{"ip":"::1","level":"info","message":"GET /sales","params":{},"query":{},"service":"erp-backend","timestamp":"2025-04-12 20:53:48"}
{"ip":"::1","level":"info","message":"GET /inventory","params":{},"query":{},"service":"erp-backend","timestamp":"2025-04-12 20:53:48"}
{"ip":"::1","level":"info","message":"GET /expenses","params":{},"query":{},"service":"erp-backend","timestamp":"2025-04-12 20:53:48"}
{"ip":"::1","level":"info","message":"GET /sales","params":{},"query":{},"service":"erp-backend","timestamp":"2025-04-12 20:53:48"}
{"ip":"::1","level":"info","message":"GET /inventory","params":{},"query":{},"service":"erp-backend","timestamp":"2025-04-12 20:53:49"}
{"ip":"::1","level":"info","message":"GET /expenses","params":{},"query":{},"service":"erp-backend","timestamp":"2025-04-12 20:53:49"}
{"ip":"::1","level":"info","message":"GET /sales","params":{},"query":{},"service":"erp-backend","timestamp":"2025-04-12 20:53:49"}
{"ip":"::1","level":"info","message":"GET /inventory","params":{},"query":{},"service":"erp-backend","timestamp":"2025-04-12 20:53:49"}
{"ip":"::1","level":"info","message":"GET /expenses","params":{},"query":{},"service":"erp-backend","timestamp":"2025-04-12 20:53:49"}
{"ip":"::1","level":"info","message":"GET /sales","params":{},"query":{},"service":"erp-backend","timestamp":"2025-04-12 20:53:49"}
{"ip":"::1","level":"info","message":"GET /inventory","params":{},"query":{},"service":"erp-backend","timestamp":"2025-04-12 20:53:49"}
{"ip":"::1","level":"info","message":"GET /expenses","params":{},"query":{},"service":"erp-backend","timestamp":"2025-04-12 20:53:49"}
{"ip":"::1","level":"info","message":"GET /sales","params":{},"query":{},"service":"erp-backend","timestamp":"2025-04-12 20:53:49"}
{"ip":"::1","level":"info","message":"GET /inventory","params":{},"query":{},"service":"erp-backend","timestamp":"2025-04-12 20:53:49"}
{"ip":"::1","level":"info","message":"GET /expenses","params":{},"query":{},"service":"erp-backend","timestamp":"2025-04-12 20:53:49"}
{"ip":"::1","level":"info","message":"GET /sales","params":{},"query":{},"service":"erp-backend","timestamp":"2025-04-12 20:53:49"}
{"ip":"::1","level":"info","message":"GET /inventory","params":{},"query":{},"service":"erp-backend","timestamp":"2025-04-12 20:53:49"}
{"ip":"::1","level":"info","message":"GET /expenses","params":{},"query":{},"service":"erp-backend","timestamp":"2025-04-12 20:53:49"}
{"ip":"::1","level":"info","message":"GET /sales","params":{},"query":{},"service":"erp-backend","timestamp":"2025-04-12 20:53:49"}
{"ip":"::1","level":"info","message":"GET /inventory","params":{},"query":{},"service":"erp-backend","timestamp":"2025-04-12 20:53:50"}
{"ip":"::1","level":"info","message":"GET /sales","params":{},"query":{},"service":"erp-backend","timestamp":"2025-04-12 20:53:50"}
{"ip":"::1","level":"info","message":"GET /expenses","params":{},"query":{},"service":"erp-backend","timestamp":"2025-04-12 20:53:50"}
{"ip":"::1","level":"info","message":"GET /inventory","params":{},"query":{},"service":"erp-backend","timestamp":"2025-04-12 20:53:50"}
{"ip":"::1","level":"info","message":"GET /expenses","params":{},"query":{},"service":"erp-backend","timestamp":"2025-04-12 20:53:50"}
{"ip":"::1","level":"info","message":"GET /inventory","params":{},"query":{},"service":"erp-backend","timestamp":"2025-04-12 20:53:50"}
{"ip":"::1","level":"info","message":"GET /inventory","params":{},"query":{},"service":"erp-backend","timestamp":"2025-04-12 20:54:05"}
{"ip":"::1","level":"info","message":"GET /expenses","params":{},"query":{},"service":"erp-backend","timestamp":"2025-04-12 20:54:05"}
{"ip":"::1","level":"info","message":"GET /sales","params":{},"query":{},"service":"erp-backend","timestamp":"2025-04-12 20:54:05"}
{"ip":"::1","level":"info","message":"GET /expenses","params":{},"query":{},"service":"erp-backend","timestamp":"2025-04-12 20:54:05"}
{"ip":"::1","level":"info","message":"GET /inventory","params":{},"query":{},"service":"erp-backend","timestamp":"2025-04-12 20:54:05"}
{"ip":"::1","level":"info","message":"GET /inventory","params":{},"query":{},"service":"erp-backend","timestamp":"2025-04-12 20:54:06"}
{"ip":"::1","level":"info","message":"GET /inventory","params":{},"query":{},"service":"erp-backend","timestamp":"2025-04-12 20:54:07"}
{"ip":"::1","level":"info","message":"GET /expenses","params":{},"query":{},"service":"erp-backend","timestamp":"2025-04-12 20:54:07"}
{"ip":"::1","level":"info","message":"GET /sales","params":{},"query":{},"service":"erp-backend","timestamp":"2025-04-12 20:54:07"}
{"ip":"::1","level":"info","message":"GET /expenses","params":{},"query":{},"service":"erp-backend","timestamp":"2025-04-12 20:54:07"}
{"ip":"::1","level":"info","message":"GET /inventory","params":{},"query":{},"service":"erp-backend","timestamp":"2025-04-12 20:54:07"}
{"ip":"::1","level":"info","message":"GET /inventory","params":{},"query":{},"service":"erp-backend","timestamp":"2025-04-12 20:54:07"}
{"ip":"::1","level":"info","message":"GET /inventory","params":{},"query":{},"service":"erp-backend","timestamp":"2025-04-12 20:54:09"}
{"ip":"::1","level":"info","message":"GET /expenses","params":{},"query":{},"service":"erp-backend","timestamp":"2025-04-12 20:54:09"}
{"ip":"::1","level":"info","message":"GET /sales","params":{},"query":{},"service":"erp-backend","timestamp":"2025-04-12 20:54:09"}
{"ip":"::1","level":"info","message":"GET /inventory","params":{},"query":{},"service":"erp-backend","timestamp":"2025-04-12 20:54:09"}
{"ip":"::1","level":"info","message":"GET /expenses","params":{},"query":{},"service":"erp-backend","timestamp":"2025-04-12 20:54:09"}
{"ip":"::1","level":"info","message":"GET /inventory","params":{},"query":{},"service":"erp-backend","timestamp":"2025-04-12 20:54:10"}
{"ip":"::1","level":"info","message":"GET /customers/all","params":{},"query":{},"service":"erp-backend","timestamp":"2025-04-12 20:58:09"}
{"ip":"::1","level":"info","message":"GET /customers/all","params":{},"query":{},"service":"erp-backend","timestamp":"2025-04-12 20:58:37"}
{"ip":"::1","level":"info","message":"GET /customers/all","params":{},"query":{},"service":"erp-backend","timestamp":"2025-04-12 21:02:26"}
{"ip":"::1","level":"info","message":"GET /customers/all","params":{},"query":{},"service":"erp-backend","timestamp":"2025-04-12 21:03:18"}
{"level":"info","message":"🚀 Server running on http://localhost:5000","service":"erp-backend","timestamp":"2025-04-14 13:34:31"}
{"level":"info","message":"✅ MongoDB Connected","service":"erp-backend","timestamp":"2025-04-14 13:34:35"}
{"ip":"::1","level":"info","message":"GET /inventory","params":{},"query":{},"service":"erp-backend","timestamp":"2025-04-14 14:45:19"}
{"ip":"::1","level":"info","message":"GET /expenses","params":{},"query":{},"service":"erp-backend","timestamp":"2025-04-14 14:45:19"}
{"ip":"::1","level":"info","message":"GET /sales","params":{},"query":{},"service":"erp-backend","timestamp":"2025-04-14 14:45:19"}
{"ip":"::1","level":"info","message":"GET /inventory","params":{},"query":{},"service":"erp-backend","timestamp":"2025-04-14 14:45:19"}
{"ip":"::1","level":"info","message":"GET /expenses","params":{},"query":{},"service":"erp-backend","timestamp":"2025-04-14 14:45:19"}
{"ip":"::1","level":"info","message":"GET /inventory","params":{},"query":{},"service":"erp-backend","timestamp":"2025-04-14 14:45:20"}
{"ip":"::1","level":"info","message":"GET /inventory","params":{},"query":{},"service":"erp-backend","timestamp":"2025-04-14 14:45:21"}
{"ip":"::1","level":"info","message":"GET /expenses","params":{},"query":{},"service":"erp-backend","timestamp":"2025-04-14 14:45:21"}
{"ip":"::1","level":"info","message":"GET /sales","params":{},"query":{},"service":"erp-backend","timestamp":"2025-04-14 14:45:21"}
{"ip":"::1","level":"info","message":"GET /inventory","params":{},"query":{},"service":"erp-backend","timestamp":"2025-04-14 14:45:21"}
{"ip":"::1","level":"info","message":"GET /expenses","params":{},"query":{},"service":"erp-backend","timestamp":"2025-04-14 14:45:21"}
{"ip":"::1","level":"info","message":"GET /inventory","params":{},"query":{},"service":"erp-backend","timestamp":"2025-04-14 14:45:21"}
{"ip":"::1","level":"info","message":"GET /inventory","params":{},"query":{},"service":"erp-backend","timestamp":"2025-04-14 14:45:22"}
{"ip":"::1","level":"info","message":"GET /expenses","params":{},"query":{},"service":"erp-backend","timestamp":"2025-04-14 14:45:22"}
{"ip":"::1","level":"info","message":"GET /sales","params":{},"query":{},"service":"erp-backend","timestamp":"2025-04-14 14:45:22"}
{"ip":"::1","level":"info","message":"GET /inventory","params":{},"query":{},"service":"erp-backend","timestamp":"2025-04-14 14:45:22"}
{"ip":"::1","level":"info","message":"GET /expenses","params":{},"query":{},"service":"erp-backend","timestamp":"2025-04-14 14:45:22"}
{"ip":"::1","level":"info","message":"GET /sales","params":{},"query":{},"service":"erp-backend","timestamp":"2025-04-14 14:45:22"}
{"ip":"::1","level":"info","message":"GET /expenses","params":{},"query":{},"service":"erp-backend","timestamp":"2025-04-14 14:45:22"}
{"ip":"::1","level":"info","message":"GET /inventory","params":{},"query":{},"service":"erp-backend","timestamp":"2025-04-14 14:45:24"}
{"ip":"::1","level":"info","message":"GET /inventory","params":{},"query":{},"service":"erp-backend","timestamp":"2025-04-14 14:45:24"}
{"ip":"::1","level":"info","message":"GET /inventory","params":{},"query":{},"service":"erp-backend","timestamp":"2025-04-14 14:54:19"}
{"ip":"::1","level":"info","message":"GET /expenses","params":{},"query":{},"service":"erp-backend","timestamp":"2025-04-14 14:54:19"}
{"ip":"::1","level":"info","message":"GET /sales","params":{},"query":{},"service":"erp-backend","timestamp":"2025-04-14 14:54:19"}
{"ip":"::1","level":"info","message":"GET /inventory","params":{},"query":{},"service":"erp-backend","timestamp":"2025-04-14 14:54:19"}
{"ip":"::1","level":"info","message":"GET /expenses","params":{},"query":{},"service":"erp-backend","timestamp":"2025-04-14 14:54:19"}
{"ip":"::1","level":"info","message":"GET /inventory","params":{},"query":{},"service":"erp-backend","timestamp":"2025-04-14 14:54:19"}
{"ip":"::1","level":"info","message":"GET /customers/all","params":{},"query":{},"service":"erp-backend","timestamp":"2025-04-14 14:54:25"}
{"ip":"::1","level":"info","message":"GET /sales","params":{},"query":{},"service":"erp-backend","timestamp":"2025-04-14 14:54:26"}
{"body":{"name":"Green Tea","price":261,"qty":41},"ip":"::1","level":"info","message":"PUT /inventory/67f7868aad024fdec5df7771","params":{},"query":{},"service":"erp-backend","timestamp":"2025-04-14 14:54:48"}
{"id":"67f7868aad024fdec5df7771","level":"info","message":"Inventory item updated","service":"erp-backend","timestamp":"2025-04-14 14:54:49","updated":{"_id":"67f7868aad024fdec5df7771","name":"Green Tea","price":261,"qty":41}}
{"ip":"::1","level":"info","message":"GET /sales","params":{},"query":{},"service":"erp-backend","timestamp":"2025-04-14 14:54:49"}
{"ip":"::1","level":"info","message":"GET /inventory","params":{},"query":{},"service":"erp-backend","timestamp":"2025-04-14 14:54:49"}
{"ip":"::1","level":"info","message":"GET /expenses","params":{},"query":{},"service":"erp-backend","timestamp":"2025-04-14 14:54:49"}
{"ip":"::1","level":"info","message":"GET /inventory","params":{},"query":{},"service":"erp-backend","timestamp":"2025-04-14 14:54:49"}
{"ip":"::1","level":"info","message":"GET /inventory","params":{},"query":{},"service":"erp-backend","timestamp":"2025-04-14 14:54:49"}
{"ip":"::1","level":"info","message":"GET /inventory","params":{},"query":{},"service":"erp-backend","timestamp":"2025-04-14 14:57:06"}
{"ip":"::1","level":"info","message":"GET /expenses","params":{},"query":{},"service":"erp-backend","timestamp":"2025-04-14 14:57:06"}
{"ip":"::1","level":"info","message":"GET /sales","params":{},"query":{},"service":"erp-backend","timestamp":"2025-04-14 14:57:06"}
{"ip":"::1","level":"info","message":"GET /expenses","params":{},"query":{},"service":"erp-backend","timestamp":"2025-04-14 14:57:06"}
{"ip":"::1","level":"info","message":"GET /inventory","params":{},"query":{},"service":"erp-backend","timestamp":"2025-04-14 14:57:06"}
{"ip":"::1","level":"info","message":"GET /inventory","params":{},"query":{},"service":"erp-backend","timestamp":"2025-04-14 14:57:06"}
{"ip":"::1","level":"info","message":"GET /inventory","params":{},"query":{},"service":"erp-backend","timestamp":"2025-04-14 14:58:20"}
{"ip":"::1","level":"info","message":"GET /expenses","params":{},"query":{},"service":"erp-backend","timestamp":"2025-04-14 14:58:20"}
{"ip":"::1","level":"info","message":"GET /sales","params":{},"query":{},"service":"erp-backend","timestamp":"2025-04-14 14:58:20"}
{"ip":"::1","level":"info","message":"GET /inventory","params":{},"query":{},"service":"erp-backend","timestamp":"2025-04-14 14:58:21"}
{"ip":"::1","level":"info","message":"GET /expenses","params":{},"query":{},"service":"erp-backend","timestamp":"2025-04-14 14:58:21"}
{"ip":"::1","level":"info","message":"GET /inventory","params":{},"query":{},"service":"erp-backend","timestamp":"2025-04-14 14:58:21"}
{"ip":"::1","level":"info","message":"GET /sales","params":{},"query":{},"service":"erp-backend","timestamp":"2025-04-14 14:58:56"}
{"ip":"::1","level":"info","message":"GET /customers/all","params":{},"query":{},"service":"erp-backend","timestamp":"2025-04-14 14:59:15"}
{"ip":"::1","level":"info","message":"GET /inventory","params":{},"query":{},"service":"erp-backend","timestamp":"2025-04-14 15:23:36"}
{"ip":"::1","level":"info","message":"GET /expenses","params":{},"query":{},"service":"erp-backend","timestamp":"2025-04-14 15:23:36"}
{"ip":"::1","level":"info","message":"GET /sales","params":{},"query":{},"service":"erp-backend","timestamp":"2025-04-14 15:23:36"}
{"ip":"::1","level":"info","message":"GET /inventory","params":{},"query":{},"service":"erp-backend","timestamp":"2025-04-14 15:23:36"}
{"ip":"::1","level":"info","message":"GET /expenses","params":{},"query":{},"service":"erp-backend","timestamp":"2025-04-14 15:23:36"}
{"ip":"::1","level":"info","message":"GET /inventory","params":{},"query":{},"service":"erp-backend","timestamp":"2025-04-14 15:23:37"}
{"level":"info","message":"🚀 Server running on http://localhost:5000","service":"erp-backend","timestamp":"2025-04-14 15:23:58"}
{"level":"info","message":"✅ MongoDB Connected","service":"erp-backend","timestamp":"2025-04-14 15:24:01"}
{"ip":"::1","level":"info","message":"GET /inventory","params":{},"query":{},"service":"erp-backend","timestamp":"2025-04-14 15:24:10"}
{"ip":"::1","level":"info","message":"GET /expenses","params":{},"query":{},"service":"erp-backend","timestamp":"2025-04-14 15:24:10"}
{"ip":"::1","level":"info","message":"GET /sales","params":{},"query":{},"service":"erp-backend","timestamp":"2025-04-14 15:24:10"}
{"ip":"::1","level":"info","message":"GET /expenses","params":{},"query":{},"service":"erp-backend","timestamp":"2025-04-14 15:24:11"}
{"ip":"::1","level":"info","message":"GET /inventory","params":{},"query":{},"service":"erp-backend","timestamp":"2025-04-14 15:24:11"}
{"ip":"::1","level":"info","message":"GET /inventory","params":{},"query":{},"service":"erp-backend","timestamp":"2025-04-14 15:24:11"}
{"ip":"::1","level":"info","message":"GET /customers/all","params":{},"query":{},"service":"erp-backend","timestamp":"2025-04-14 15:24:30"}
{"ip":"::1","level":"info","message":"GET /sales","params":{},"query":{},"service":"erp-backend","timestamp":"2025-04-14 15:24:37"}
{"ip":"::1","level":"info","message":"GET /customers/all","params":{},"query":{},"service":"erp-backend","timestamp":"2025-04-14 15:24:41"}
{"ip":"::1","level":"info","message":"GET /customers/all","params":{},"query":{},"service":"erp-backend","timestamp":"2025-04-14 15:25:23"}
{"ip":"::1","level":"info","message":"GET /customers/all","params":{},"query":{},"service":"erp-backend","timestamp":"2025-04-14 15:25:24"}
{"ip":"::1","level":"info","message":"GET /customers/all","params":{},"query":{},"service":"erp-backend","timestamp":"2025-04-14 15:25:40"}
{"ip":"::1","level":"info","message":"GET /sales","params":{},"query":{},"service":"erp-backend","timestamp":"2025-04-14 15:25:41"}
{"ip":"::1","level":"info","message":"GET /customers/all","params":{},"query":{},"service":"erp-backend","timestamp":"2025-04-14 15:26:13"}
{"ip":"::1","level":"info","message":"GET /customers/all","params":{},"query":{},"service":"erp-backend","timestamp":"2025-04-14 15:26:22"}
{"ip":"::1","level":"info","message":"GET /customers/all","params":{},"query":{},"service":"erp-backend","timestamp":"2025-04-14 15:26:32"}
